X:[o],Arg_AGG,Glu_GAG,Pro_CCU,Asp_GAC,Thr_ACC,Lys_AAG,Pro_CCU,Arg_AGG,Val_GUC,Arg_AGA,Arg_CGU,Gly_GGG,Ala_GCG,Ile_AUU,Ala_GCU,Val_GUG,Arg_CGU,Ser_UCA,Gln_CAG,Ala_GCG,Trp_UGG,Val_GUA,Arg_CGU,Val_GUA,Arg_CGG,Leu_CUC,Asp_GAC,Pro_CCG,Pro_CCA,Thr_ACG,Lys_AAA,Leu_UUA,Ser_AGC,Thr_ACU,Ile_AUU,Thr_ACU,Arg_CGU,Gly_GGU,His_CAC,Tyr_UAC,His_CAC,Arg_CGU,Met_AUG,Phe_UUU,Asp_GAU,Cys_UGU,Arg_CGU,Leu_UUG,Ala_GCG,Lys_AAG,Ser_UCU,Glu_GAG,Gln_CAG,Thr_ACC,Thr_ACC,Pro_CCG,Lys_AAG,Cys_UGC,Arg_CGU,Leu_CUA,Val_GUA,Ser_AGU,Phe_UUU,Arg_CGU,Leu_UUG,Lys_AAG,Asp_GAU,Cys_UGU,Arg_CGG,Glu_GAG,Gln_CAG,Ala_GCA,Gly_GGA,Leu_CUC,Ser_UCA,Leu_CUG,Asp_GAC,Ala_GCG,Pro_CCG,Thr_ACA,Ser_AGU,Ile_AUA,Leu_UUG,Gly_GGG,Pro_CCG,Phe_UUC,Gly_GGG,Ile_AUC,Thr_ACC,His_CAC,Tyr_UAU,Thr_ACU,Leu_CUC,Gly_GGU,Pro_CCG,Pro_CCA,Thr_ACG,Lys_AAA,Leu_UUA,Ser_AGC,Thr_ACA,Ile_AUU,Thr_ACU,Arg_CGA,Tyr_UAC,[t],-Gly_GGG,-Gly_GGU,-Thr_ACC,-His_CAC,-His_CAC,-Arg_AGA,-Tyr_UAU,-5S,-23S,-16S,-Thr_ACC,-Pro_CCC,-Ala_GCG,-Val_GUA,-Gln_CAA,-Phe_UUC,-Arg_CGA,-Pro_CCC,-Val_GUC,-Arg_AGG,-Leu_UUA,-Pro_CCA,-Ile_AUU,-Ala_GCA,-Cys_UGU,-Leu_CUC,-5S,-23S,-16S
Y:[o],Arg_AGG,Glu_GAG,Pro_CCU,Asp_GAC,Thr_ACC,Lys_AAG,Pro_CCU,Arg_AGG,Val_GUC,Arg_AGA,Arg_CGU,Gly_GGG,Ala_GCG,Ile_AUU,Ala_GCU,Val_GUG,Arg_CGU,Ser_UCA,Gln_CAG,Ala_GCG,Trp_UGG,Arg_AGG,Val_GUA,Arg_CGU,Val_GUA,Arg_CGG,Arg_CGU,Thr_ACC,Met_AUG,Phe_UUU,Asp_GAU,Cys_UGU,Ser_UCU,Arg_CGG,Glu_GAG,Gln_CAG,Ala_GCA,Thr_ACC,Pro_CCG,Lys_AAG,Cys_UGC,Arg_CGU,Leu_CUA,Val_GUA,Ser_AGU,Gly_GGU,His_CAC,Phe_UUU,Arg_CGU,Leu_UUG,Ala_GCG,Lys_AAG,Ser_UCU,Gly_GGA,Leu_CUC,Ser_UCA,Leu_CUG,Asp_GAC,Ala_GCG,Pro_CCG,Thr_ACA,Ser_AGU,Ile_AUA,Leu_UUG,Gly_GGG,Pro_CCG,Phe_UUC,Gly_GGG,Ile_AUC,Thr_ACC,His_CAC,Tyr_UAU,[t],-Ala_GCA,-Thr_ACC,-His_CAC,-His_CAC,-Tyr_UAC,-His_CAC,-Arg_CGA,-Thr_ACU,-Ile_AUU,-Pro_CCU,-Thr_ACA,-Thr_ACU,-Ser_AGC,-Ile_AUC,-Gly_GGG,-Leu_UUA,-Lys_AAA,-Thr_ACG,-Pro_CCA,-Pro_CCG,-Gly_GGU,-Asp_GAC,-Pro_CCU,-Leu_CUC,-Thr_ACU,-Arg_AGA,-Arg_CGA,-Tyr_UAU,-5S,-23S,-16S,-Ala_GCG,-Gly_GGG,-Gly_GGU,-Val_GUA,-Gln_CAA,-Phe_UUC,-Arg_CGA,-Pro_CCC,-Leu_UUA,-Pro_CCA,-Ile_AUU,-Ala_GCA,-Cys_UGU,-Leu_CUC,-5S,-23S,-16S
------------------------
**********************************************************
LP running time: 0 hour(s), 00 minutes(s) and 00 second(s)
**********************************************************

Detailed Results
****************
   Genome X         Genome Y   Operation
   ========         ========   =========
    [o]_1     ---   [o]_137    
  Arg_AGG_2   --- Arg_AGG_138  
  Glu_GAG_3   --- Glu_GAG_139  
  Pro_CCU_4   --- Pro_CCU_140  
  Asp_GAC_5   --- Asp_GAC_141  
  Thr_ACC_6   --- Thr_ACC_142  
  Lys_AAG_7   --- Lys_AAG_143  
  Pro_CCU_8   --- Pro_CCU_144  
  Arg_AGG_9   --- Arg_AGG_145  
  Val_GUC_10  --- Val_GUC_146  
  Arg_AGA_11  --- Arg_AGA_147  
  Arg_CGU_12  --- Arg_CGU_148  
  Gly_GGG_13  --- Gly_GGG_149  
  Ala_GCG_14  --- Ala_GCG_150  
  Ile_AUU_15  --- Ile_AUU_151  
  Ala_GCU_16  --- Ala_GCU_152  
  Val_GUG_17  --- Val_GUG_153  
  Arg_CGU_18  --- Arg_CGU_154  
  Ser_UCA_19  --- Ser_UCA_155  
  Gln_CAG_20  --- Gln_CAG_156  
  Ala_GCG_21  --- Ala_GCG_157  
  Trp_UGG_22  --- Trp_UGG_158  
      .       --- Arg_AGG_159  Loss of Arg_AGG_159
  Val_GUA_23  --- Val_GUA_160  
  Arg_CGU_24  --- Arg_CGU_161  
  Val_GUA_25  --- Val_GUA_162  
  Arg_CGG_26  --- Arg_CGG_163  
  Leu_CUC_27  ---      .       Loss of Leu_CUC_27
  Asp_GAC_28  ---      .       Duplication of Asp_GAC_28 to Asp_GAC_28 copied from Asp_GAC_78 to Asp_GAC_78
  Pro_CCG_29  ---      .       Duplication of Pro_CCG_29 to Leu_UUA_33 copied from Pro_CCG_96 to Leu_UUA_100
  Pro_CCA_30  ---      .       
  Thr_ACG_31  ---      .       
  Lys_AAA_32  ---      .       
  Leu_UUA_33  ---      .       
  Ser_AGC_34  ---      .       Loss of Ser_AGC_34
  Thr_ACU_35  ---      .       Loss of Thr_ACU_35
  Ile_AUU_36  ---      .       Loss of Ile_AUU_36
  Thr_ACU_37  ---      .       Loss of Thr_ACU_37
  Arg_CGU_38  --- Arg_CGU_164  
  Gly_GGU_39  ---      .       Inverted Duplication of Gly_GGU_39 to Gly_GGU_39 copied from -Gly_GGU_109 to -Gly_GGU_109
  His_CAC_40  ---      .       Loss of His_CAC_40
  Tyr_UAC_41  ---      .       Loss of Tyr_UAC_41
  His_CAC_42  ---      .       Duplication of His_CAC_42 to His_CAC_42 copied from His_CAC_40 to His_CAC_40
  Arg_CGU_43  ---      .       Duplication of Arg_CGU_43 to Arg_CGU_43 copied from Arg_CGU_18 to Arg_CGU_18
      .       --- Thr_ACC_165  Duplication of Thr_ACC_165 to Thr_ACC_165 copied from Thr_ACC_142 to Thr_ACC_142
  Met_AUG_44  --- Met_AUG_166  
  Phe_UUU_45  --- Phe_UUU_167  
  Asp_GAU_46  --- Asp_GAU_168  
  Cys_UGU_47  --- Cys_UGU_169  
  Arg_CGU_48  ---      .       Duplication of Arg_CGU_48 to Arg_CGU_48 copied from Arg_CGU_12 to Arg_CGU_12
  Leu_UUG_49  ---      .       Duplication of Leu_UUG_49 to Leu_UUG_49 copied from Leu_UUG_84 to Leu_UUG_84
  Ala_GCG_50  ---      .       Inverted Duplication of Ala_GCG_50 to Ala_GCG_50 copied from -Ala_GCG_120 to -Ala_GCG_120
  Lys_AAG_51  ---      .       Loss of Lys_AAG_51
  Ser_UCU_52  --- Ser_UCU_170  
      .       --- Arg_CGG_171  Loss of Arg_CGG_171
  Glu_GAG_53  --- Glu_GAG_172  
  Gln_CAG_54  --- Gln_CAG_173  
      .       --- Ala_GCA_174  Loss of Ala_GCA_174
  Thr_ACC_55  --- Thr_ACC_175  
  Thr_ACC_56  ---      .       Inverted Duplication of Thr_ACC_56 to Thr_ACC_56 copied from -Thr_ACC_118 to -Thr_ACC_118
  Pro_CCG_57  --- Pro_CCG_176  
  Lys_AAG_58  --- Lys_AAG_177  
  Cys_UGC_59  --- Cys_UGC_178  
  Arg_CGU_60  --- Arg_CGU_179  
  Leu_CUA_61  --- Leu_CUA_180  
  Val_GUA_62  --- Val_GUA_181  
  Ser_AGU_63  --- Ser_AGU_182  
      .       --- Gly_GGU_183  Loss of Gly_GGU_183
      .       --- His_CAC_184  Loss of His_CAC_184
  Phe_UUU_64  --- Phe_UUU_185  
  Arg_CGU_65  --- Arg_CGU_186  
  Leu_UUG_66  --- Leu_UUG_187  
      .       --- Ala_GCG_188  Inverted Duplication of Ala_GCG_188 to Ala_GCG_188 copied from -Ala_GCG_242 to -Ala_GCG_242
  Lys_AAG_67  --- Lys_AAG_189  
  Asp_GAU_68  ---      .       Loss of Asp_GAU_68
  Cys_UGU_69  ---      .       Inverted Duplication of Cys_UGU_69 to Cys_UGU_69 copied from -Cys_UGU_132 to -Cys_UGU_132
  Arg_CGG_70  ---      .       Duplication of Arg_CGG_70 to Arg_CGG_70 copied from Arg_CGG_26 to Arg_CGG_26
  Glu_GAG_71  ---      .       Loss of Glu_GAG_71
  Gln_CAG_72  ---      .       Duplication of Gln_CAG_72 to Gln_CAG_72 copied from Gln_CAG_20 to Gln_CAG_20
  Ala_GCA_73  ---      .       Loss of Ala_GCA_73
      .       --- Ser_UCU_190  Loss of Ser_UCU_190
  Gly_GGA_74  --- Gly_GGA_191  
  Leu_CUC_75  --- Leu_CUC_192  
  Ser_UCA_76  --- Ser_UCA_193  
  Leu_CUG_77  --- Leu_CUG_194  
  Asp_GAC_78  --- Asp_GAC_195  
  Ala_GCG_79  --- Ala_GCG_196  
  Pro_CCG_80  --- Pro_CCG_197  
  Thr_ACA_81  --- Thr_ACA_198  
  Ser_AGU_82  --- Ser_AGU_199  
  Ile_AUA_83  --- Ile_AUA_200  
  Leu_UUG_84  --- Leu_UUG_201  
  Gly_GGG_85  --- Gly_GGG_202  
  Pro_CCG_86  --- Pro_CCG_203  
  Phe_UUC_87  --- Phe_UUC_204  
  Gly_GGG_88  --- Gly_GGG_205  
  Ile_AUC_89  --- Ile_AUC_206  
  Thr_ACC_90  --- Thr_ACC_207  
  His_CAC_91  --- His_CAC_208  
  Tyr_UAU_92  --- Tyr_UAU_209  
  Thr_ACU_93  ---      .       Loss of Thr_ACU_93
  Leu_CUC_94  ---      .       Loss of Leu_CUC_94
  Gly_GGU_95  ---      .       Loss of Gly_GGU_95
  Pro_CCG_96  ---      .       Loss of Pro_CCG_96
  Pro_CCA_97  ---      .       Loss of Pro_CCA_97
  Thr_ACG_98  ---      .       Loss of Thr_ACG_98
  Lys_AAA_99  ---      .       Loss of Lys_AAA_99
 Leu_UUA_100  ---      .       Loss of Leu_UUA_100
 Ser_AGC_101  ---      .       Loss of Ser_AGC_101
 Thr_ACA_102  ---      .       Loss of Thr_ACA_102
 Ile_AUU_103  ---      .       Duplication of Ile_AUU_103 to Ile_AUU_103 copied from Ile_AUU_15 to Ile_AUU_15
 Thr_ACU_104  ---      .       Loss of Thr_ACU_104
 Arg_CGA_105  ---      .       Loss of Arg_CGA_105
 Tyr_UAC_106  ---      .       Loss of Tyr_UAC_106
   [t]_107    ---   [t]_210    
 -Gly_GGG_108 ---      .       Loss of -Gly_GGG_108
 -Gly_GGU_109 ---      .       Loss of -Gly_GGU_109
      .       --- -Ala_GCA_211 Duplication of -Ala_GCA_211 to -Ala_GCA_211 copied from -Ala_GCA_253 to -Ala_GCA_253
 -Thr_ACC_110 --- -Thr_ACC_212 
      .       --- -His_CAC_213 Inverted Duplication of -His_CAC_213 to -His_CAC_213 copied from His_CAC_184 to His_CAC_184
 -His_CAC_111 --- -His_CAC_214 
      .       --- -Tyr_UAC_215 Loss of -Tyr_UAC_215
 -His_CAC_112 --- -His_CAC_216 
      .       --- -Arg_CGA_217 Loss of -Arg_CGA_217
      .       --- -Thr_ACU_218 Loss of -Thr_ACU_218
      .       --- -Ile_AUU_219 Inverted Duplication of -Ile_AUU_219 to -Ile_AUU_219 copied from Ile_AUU_151 to Ile_AUU_151
      .       --- -Pro_CCU_220 Loss of -Pro_CCU_220
      .       --- -Thr_ACA_221 Loss of -Thr_ACA_221
      .       --- -Thr_ACU_222 Loss of -Thr_ACU_222
      .       --- -Ser_AGC_223 Loss of -Ser_AGC_223
      .       --- -Ile_AUC_224 Loss of -Ile_AUC_224
      .       --- -Gly_GGG_225 Inverted Duplication of -Gly_GGG_225 to -Gly_GGG_225 copied from Gly_GGG_202 to Gly_GGG_202
      .       --- -Leu_UUA_226 Loss of -Leu_UUA_226
      .       --- -Lys_AAA_227 Loss of -Lys_AAA_227
      .       --- -Thr_ACG_228 Loss of -Thr_ACG_228
      .       --- -Pro_CCA_229 Loss of -Pro_CCA_229
      .       --- -Pro_CCG_230 Loss of -Pro_CCG_230
      .       --- -Gly_GGU_231 Loss of -Gly_GGU_231
      .       --- -Asp_GAC_232 Loss of -Asp_GAC_232
      .       --- -Pro_CCU_233 Loss of -Pro_CCU_233
      .       --- -Leu_CUC_234 Inverted Duplication of -Leu_CUC_234 to -Leu_CUC_234 copied from Leu_CUC_192 to Leu_CUC_192
      .       --- -Thr_ACU_235 Loss of -Thr_ACU_235
 -Arg_AGA_113 --- -Arg_AGA_236 
      .       --- -Arg_CGA_237 Loss of -Arg_CGA_237
 -Tyr_UAU_114 --- -Tyr_UAU_238 
   -5S_115    ---   -5S_239    
   -23S_116   ---   -23S_240   
   -16S_117   ---   -16S_241   
 -Thr_ACC_118 ---      .       Inverted Duplication of -Thr_ACC_118 to -Thr_ACC_118 copied from Thr_ACC_90 to Thr_ACC_90
 -Pro_CCC_119 ---      .       Duplication of -Pro_CCC_119 to -Pro_CCC_119 copied from -Pro_CCC_125 to -Pro_CCC_125
 -Ala_GCG_120 --- -Ala_GCG_242 
      .       --- -Gly_GGG_243 Inverted Duplication of -Gly_GGG_243 to -Gly_GGG_243 copied from Gly_GGG_205 to Gly_GGG_205
      .       --- -Gly_GGU_244 Loss of -Gly_GGU_244
 -Val_GUA_121 --- -Val_GUA_245 
 -Gln_CAA_122 --- -Gln_CAA_246 
 -Phe_UUC_123 --- -Phe_UUC_247 
 -Arg_CGA_124 --- -Arg_CGA_248 
 -Pro_CCC_125 --- -Pro_CCC_249 
 -Val_GUC_126 ---      .       Inverted Duplication of -Val_GUC_126 to -Arg_AGG_127 copied from Arg_AGG_9 to Val_GUC_10
 -Arg_AGG_127 ---      .       
 -Leu_UUA_128 --- -Leu_UUA_250 
 -Pro_CCA_129 --- -Pro_CCA_251 
 -Ile_AUU_130 --- -Ile_AUU_252 
 -Ala_GCA_131 --- -Ala_GCA_253 
 -Cys_UGU_132 --- -Cys_UGU_254 
 -Leu_CUC_133 --- -Leu_CUC_255 
   -5S_134    ---   -5S_256    
   -23S_135   ---   -23S_257   
   -16S_136   ---   -16S_258   

Total Cost = 75.0

Genome X: [o] , Arg_AGG , Glu_GAG , Pro_CCU , Asp_GAC , Thr_ACC , Lys_AAG , Pro_CCU , Arg_AGG , Val_GUC , Arg_AGA , Arg_CGU , Gly_GGG , Ala_GCG , Ile_AUU , Ala_GCU , Val_GUG , Arg_CGU , Ser_UCA , Gln_CAG , Ala_GCG , Trp_UGG , Val_GUA , Arg_CGU , Val_GUA , Arg_CGG , Leu_CUC , Asp_GAC , Pro_CCG , Pro_CCA , Thr_ACG , Lys_AAA , Leu_UUA , Ser_AGC , Thr_ACU , Ile_AUU , Thr_ACU , Arg_CGU , Gly_GGU , His_CAC , Tyr_UAC , His_CAC , Arg_CGU , Met_AUG , Phe_UUU , Asp_GAU , Cys_UGU , Arg_CGU , Leu_UUG , Ala_GCG , Lys_AAG , Ser_UCU , Glu_GAG , Gln_CAG , Thr_ACC , Thr_ACC , Pro_CCG , Lys_AAG , Cys_UGC , Arg_CGU , Leu_CUA , Val_GUA , Ser_AGU , Phe_UUU , Arg_CGU , Leu_UUG , Lys_AAG , Asp_GAU , Cys_UGU , Arg_CGG , Glu_GAG , Gln_CAG , Ala_GCA , Gly_GGA , Leu_CUC , Ser_UCA , Leu_CUG , Asp_GAC , Ala_GCG , Pro_CCG , Thr_ACA , Ser_AGU , Ile_AUA , Leu_UUG , Gly_GGG , Pro_CCG , Phe_UUC , Gly_GGG , Ile_AUC , Thr_ACC , His_CAC , Tyr_UAU , Thr_ACU , Leu_CUC , Gly_GGU , Pro_CCG , Pro_CCA , Thr_ACG , Lys_AAA , Leu_UUA , Ser_AGC , Thr_ACA , Ile_AUU , Thr_ACU , Arg_CGA , Tyr_UAC , [t] , -Gly_GGG , -Gly_GGU , -Thr_ACC , -His_CAC , -His_CAC , -Arg_AGA , -Tyr_UAU , -5S , -23S , -16S , -Thr_ACC , -Pro_CCC , -Ala_GCG , -Val_GUA , -Gln_CAA , -Phe_UUC , -Arg_CGA , -Pro_CCC , -Val_GUC , -Arg_AGG , -Leu_UUA , -Pro_CCA , -Ile_AUU , -Ala_GCA , -Cys_UGU , -Leu_CUC , -5S , -23S , -16S
Genome Y: [o] , Arg_AGG , Glu_GAG , Pro_CCU , Asp_GAC , Thr_ACC , Lys_AAG , Pro_CCU , Arg_AGG , Val_GUC , Arg_AGA , Arg_CGU , Gly_GGG , Ala_GCG , Ile_AUU , Ala_GCU , Val_GUG , Arg_CGU , Ser_UCA , Gln_CAG , Ala_GCG , Trp_UGG , Arg_AGG , Val_GUA , Arg_CGU , Val_GUA , Arg_CGG , Arg_CGU , Thr_ACC , Met_AUG , Phe_UUU , Asp_GAU , Cys_UGU , Ser_UCU , Arg_CGG , Glu_GAG , Gln_CAG , Ala_GCA , Thr_ACC , Pro_CCG , Lys_AAG , Cys_UGC , Arg_CGU , Leu_CUA , Val_GUA , Ser_AGU , Gly_GGU , His_CAC , Phe_UUU , Arg_CGU , Leu_UUG , Ala_GCG , Lys_AAG , Ser_UCU , Gly_GGA , Leu_CUC , Ser_UCA , Leu_CUG , Asp_GAC , Ala_GCG , Pro_CCG , Thr_ACA , Ser_AGU , Ile_AUA , Leu_UUG , Gly_GGG , Pro_CCG , Phe_UUC , Gly_GGG , Ile_AUC , Thr_ACC , His_CAC , Tyr_UAU , [t] , -Ala_GCA , -Thr_ACC , -His_CAC , -His_CAC , -Tyr_UAC , -His_CAC , -Arg_CGA , -Thr_ACU , -Ile_AUU , -Pro_CCU , -Thr_ACA , -Thr_ACU , -Ser_AGC , -Ile_AUC , -Gly_GGG , -Leu_UUA , -Lys_AAA , -Thr_ACG , -Pro_CCA , -Pro_CCG , -Gly_GGU , -Asp_GAC , -Pro_CCU , -Leu_CUC , -Thr_ACU , -Arg_AGA , -Arg_CGA , -Tyr_UAU , -5S , -23S , -16S , -Ala_GCG , -Gly_GGG , -Gly_GGU , -Val_GUA , -Gln_CAA , -Phe_UUC , -Arg_CGA , -Pro_CCC , -Leu_UUA , -Pro_CCA , -Ile_AUU , -Ala_GCA , -Cys_UGU , -Leu_CUC , -5S , -23S , -16S
>Ancestor 
[o],Arg_AGG,Glu_GAG,Pro_CCU,Asp_GAC,Thr_ACC,Lys_AAG,Pro_CCU,Arg_AGG,Val_GUC,Arg_AGA,Arg_CGU,Gly_GGG,Ala_GCG,Ile_AUU,Ala_GCU,Val_GUG,Arg_CGU,Ser_UCA,Gln_CAG,Ala_GCG,Trp_UGG,Arg_AGG,Val_GUA,Arg_CGU,Val_GUA,Arg_CGG,Leu_CUC,Ser_AGC,Thr_ACU,Ile_AUU,Thr_ACU,Arg_CGU,His_CAC,Tyr_UAC,Met_AUG,Phe_UUU,Asp_GAU,Cys_UGU,Lys_AAG,Ser_UCU,Arg_CGG,Glu_GAG,Gln_CAG,Ala_GCA,Thr_ACC,Pro_CCG,Lys_AAG,Cys_UGC,Arg_CGU,Leu_CUA,Val_GUA,Ser_AGU,Gly_GGU,His_CAC,Phe_UUU,Arg_CGU,Leu_UUG,Lys_AAG,Asp_GAU,Glu_GAG,Ala_GCA,Ser_UCU,Gly_GGA,Leu_CUC,Ser_UCA,Leu_CUG,Asp_GAC,Ala_GCG,Pro_CCG,Thr_ACA,Ser_AGU,Ile_AUA,Leu_UUG,Gly_GGG,Pro_CCG,Phe_UUC,Gly_GGG,Ile_AUC,Thr_ACC,His_CAC,Tyr_UAU,Thr_ACU,Leu_CUC,Gly_GGU,Pro_CCG,Pro_CCA,Thr_ACG,Lys_AAA,Leu_UUA,Ser_AGC,Thr_ACA,Thr_ACU,Arg_CGA,Tyr_UAC,[t],-Gly_GGG,-Gly_GGU,-Thr_ACC,-His_CAC,-Tyr_UAC,-His_CAC,-Arg_CGA,-Thr_ACU,-Pro_CCU,-Thr_ACA,-Thr_ACU,-Ser_AGC,-Ile_AUC,-Leu_UUA,-Lys_AAA,-Thr_ACG,-Pro_CCA,-Pro_CCG,-Gly_GGU,-Asp_GAC,-Pro_CCU,-Thr_ACU,-Arg_AGA,-Arg_CGA,-Tyr_UAU,-5S,-23S,-16S,-Ala_GCG,-Gly_GGU,-Val_GUA,-Gln_CAA,-Phe_UUC,-Arg_CGA,-Pro_CCC,-Leu_UUA,-Pro_CCA,-Ile_AUU,-Ala_GCA,-Cys_UGU,-Leu_CUC,-5S,-23S,-16S
