
Detailed Results
****************

   Genome X   ---   Genome Y      Operation
   ========   ---   ========      =========

      [o]_1   ---   [o]_124       
  Arg_AGG_2   ---   Arg_AGG_125   
  Glu_GAG_3   ---   Glu_GAG_126   
  Pro_CCU_4   ---   Pro_CCU_127   
  Asp_GAC_5   ---   Asp_GAC_128   
  Thr_ACC_6   ---   Thr_ACC_129   
  Lys_AAG_7   ---   Lys_AAG_130   
  Pro_CCU_8   ---   Pro_CCU_131   
  Arg_AGG_9   ---   Arg_AGG_132   
 Val_GUC_10   ---   Val_GUC_133   
 Arg_AGA_11   ---   Arg_AGA_134   
 Arg_CGU_12   ---   Arg_CGU_135   
 Gly_GGG_13   ---   Gly_GGG_136   
 Ala_GCG_14   ---   Ala_GCG_137   
 Ile_AUU_15   ---   Ile_AUU_138   
 Ala_GCU_16   ---   Ala_GCU_139   
 Val_GUG_17   ---   Val_GUG_140   
 Arg_CGU_18   ---   Arg_CGU_141   
 Ser_UCA_19   ---   Ser_UCA_142   
 Gln_CAG_20   ---   Gln_CAG_143   
 Ala_GCG_21   ---   Ala_GCG_144   
 Trp_UGG_22   ---   Trp_UGG_145   
          .   ---   Arg_AGG_146   Loss of Arg_AGG_146...Arg_AGG_146
 Val_GUA_23   ---   Val_GUA_147   
 Arg_CGU_24   ---   Arg_CGU_148   
 Val_GUA_25   ---   Val_GUA_149   
 Arg_CGG_26   ---   Arg_CGG_150   
 Thr_ACU_27   ---   .             transposition of Thr_ACU_27...Asp_GAC_30 with Thr_ACU_195...Asp_GAC_198
 Leu_CUC_28   ---   .          
 Pro_CCU_29   ---   .          
 Asp_GAC_30   ---   .          
 Thr_ACA_31   ---   .             Loss of Thr_ACA_31...Thr_ACA_31
 Pro_CCG_32   ---   .             transposition of Pro_CCG_32...His_CAC_48 with Pro_CCG_200...His_CAC_216
 Pro_CCA_33   ---   .          
 Thr_ACG_34   ---   .          
 Lys_AAA_35   ---   .          
 Leu_UUA_36   ---   .          
 Gly_GGG_37   ---   .          
 Ile_AUC_38   ---   .          
 Ser_AGC_39   ---   .          
 Thr_ACU_40   ---   .          
 Thr_ACA_41   ---   .          
 Pro_CCU_42   ---   .          
 Ile_AUU_43   ---   .          
 Thr_ACU_44   ---   .          
 Arg_CGA_45   ---   .          
 His_CAC_46   ---   .          
 Tyr_UAC_47   ---   .          
 His_CAC_48   ---   .          
 Arg_CGU_49   ---   Arg_CGU_151   
          .   ---   Gly_GGU_152   Duplication of Gly_GGU_152...Ser_UCU_159 copied from Gly_GGU_67...Ser_UCU_74
          .   ---   His_CAC_153
          .   ---   Phe_UUU_154
          .   ---   Arg_CGU_155
          .   ---   Leu_UUG_156
          .   ---   Ala_GCG_157
          .   ---   Lys_AAG_158
          .   ---   Ser_UCU_159
 Met_AUG_50   ---   Thr_ACC_160   Substitution
 Phe_UUU_51   ---   .             Loss of Phe_UUU_51...Phe_UUU_51
          .   ---   Thr_ACC_161   transposition of Thr_ACC_161...Ser_AGU_168 with Thr_ACC_59...Ser_AGU_66
          .   ---   Pro_CCG_162
          .   ---   Lys_AAG_163
          .   ---   Cys_UGC_164
          .   ---   Arg_CGU_165
          .   ---   Leu_CUA_166
          .   ---   Val_GUA_167
          .   ---   Ser_AGU_168
 Asp_GAU_52   ---   Asp_GAU_169   
 Cys_UGU_53   ---   Cys_UGU_170   
 Ser_UCU_54   ---   Ile_AUU_171   Substitution
 Arg_CGG_55   ---   Arg_CGG_172   
 Glu_GAG_56   ---   Glu_GAG_173   
 Gln_CAG_57   ---   Gln_CAG_174   
 Ala_GCA_58   ---   Ala_GCA_175   
 Thr_ACC_59   ---   .             transposition of Thr_ACC_59...Ser_AGU_66 with Thr_ACC_161...Ser_AGU_168
 Pro_CCG_60   ---   .          
 Lys_AAG_61   ---   .          
 Cys_UGC_62   ---   .          
 Arg_CGU_63   ---   .          
 Leu_CUA_64   ---   .          
 Val_GUA_65   ---   .          
 Ser_AGU_66   ---   .          
          .   ---   Gly_GGA_176   Duplication of Gly_GGA_176...Tyr_UAU_194 copied from Gly_GGA_75...Tyr_UAU_93
          .   ---   Leu_CUC_177
          .   ---   Ser_UCA_178
          .   ---   Leu_CUG_179
          .   ---   Asp_GAC_180
          .   ---   Ala_GCG_181
          .   ---   Pro_CCG_182
          .   ---   Thr_ACA_183
          .   ---   Ser_AGU_184
          .   ---   Ile_AUA_185
          .   ---   Leu_UUG_186
          .   ---   Gly_GGG_187
          .   ---   Pro_CCG_188
          .   ---   Phe_UUC_189
          .   ---   Gly_GGG_190
          .   ---   Ile_AUC_191
          .   ---   Thr_ACC_192
          .   ---   His_CAC_193
          .   ---   Tyr_UAU_194
          .   ---   Thr_ACU_195   transposition of Thr_ACU_195...Asp_GAC_198 with Thr_ACU_27...Asp_GAC_30
          .   ---   Leu_CUC_196
          .   ---   Pro_CCU_197
          .   ---   Asp_GAC_198
 Gly_GGU_67   ---   Gly_GGU_199   
          .   ---   Pro_CCG_200   transposition of Pro_CCG_200...His_CAC_216 with Pro_CCG_32...His_CAC_48
          .   ---   Pro_CCA_201
          .   ---   Thr_ACG_202
          .   ---   Lys_AAA_203
          .   ---   Leu_UUA_204
          .   ---   Gly_GGG_205
          .   ---   Ile_AUC_206
          .   ---   Ser_AGC_207
          .   ---   Thr_ACU_208
          .   ---   Thr_ACA_209
          .   ---   Pro_CCU_210
          .   ---   Ile_AUU_211
          .   ---   Thr_ACU_212
          .   ---   Arg_CGA_213
          .   ---   His_CAC_214
          .   ---   Tyr_UAC_215
          .   ---   His_CAC_216
          .   ---   Thr_ACC_217   Duplication of Thr_ACC_217...His_CAC_218 copied from Thr_ACC_91...His_CAC_92
          .   ---   His_CAC_218
 His_CAC_68   ---   His_CAC_219   
 Phe_UUU_69   ---   .             Loss of Phe_UUU_69...Ser_UCU_74
 Arg_CGU_70   ---   .          
 Leu_UUG_71   ---   .          
 Ala_GCG_72   ---   .          
 Lys_AAG_73   ---   .          
 Ser_UCU_74   ---   .          
 Gly_GGA_75   ---   Ala_GCA_220   Substitution
 Leu_CUC_76   ---   .             Loss of Leu_CUC_76...Tyr_UAU_93
 Ser_UCA_77   ---   .          
 Leu_CUG_78   ---   .          
 Asp_GAC_79   ---   .          
 Ala_GCG_80   ---   .          
 Pro_CCG_81   ---   .          
 Thr_ACA_82   ---   .          
 Ser_AGU_83   ---   .          
 Ile_AUA_84   ---   .          
 Leu_UUG_85   ---   .          
 Gly_GGG_86   ---   .          
 Pro_CCG_87   ---   .          
 Phe_UUC_88   ---   .          
 Gly_GGG_89   ---   .          
 Ile_AUC_90   ---   .          
 Thr_ACC_91   ---   .          
 His_CAC_92   ---   .          
 Tyr_UAU_93   ---   .          
     [t]_94   ---   [t]_221       
-Gly_GGG_95   ---   .             Loss of -Gly_GGG_95...-Gly_GGU_96
-Gly_GGU_96   ---   .          
-Thr_ACC_97   ---   .             Inverted duplication of -Thr_ACC_97...-His_CAC_98 copied from His_CAC_216...Thr_ACC_217
-His_CAC_98   ---   .          
-His_CAC_99   ---   .             Loss of -His_CAC_99...-Arg_CGA_101
-Arg_AGA_100   ---   .          
-Arg_CGA_101   ---   .          
-Tyr_UAU_102   ---   -Tyr_UAU_222   
    -5S_103   ---   -5S_223       
   -23S_104   ---   -23S_224      
   -16S_105   ---   -16S_225      
-Thr_ACC_106   ---   -Ala_GCG_226   Substitution
-Pro_CCC_107   ---   .             Loss of -Pro_CCC_107...-Pro_CCC_107
-Gly_GGG_108   ---   .             Duplication of -Gly_GGG_108...-Gly_GGU_109 copied from -Gly_GGG_95...-Gly_GGU_96
-Gly_GGU_109   ---   .          
-Val_GUA_110   ---   -Val_GUA_227   
-Gln_CAA_111   ---   -Gln_CAA_228   
-Phe_UUC_112   ---   -Phe_UUC_229   
-Arg_CGA_113   ---   -Arg_CGA_230   
-Pro_CCC_114   ---   -Pro_CCC_231   
          .   ---   -Val_GUC_232   Inverted duplication of -Val_GUC_232...-Arg_AGG_233 copied from Arg_AGG_9...Val_GUC_10
          .   ---   -Arg_AGG_233
-Leu_UUA_115   ---   -Leu_UUA_234   
          .   ---   -Gly_GGU_235   Loss of -Gly_GGU_235...-Gly_GGU_235
-Pro_CCA_116   ---   -Pro_CCA_236   
-Ile_AUU_117   ---   -Ile_AUU_237   
-Ala_GCA_118   ---   -Gln_CAA_238   Substitution
-Cys_UGU_119   ---   -Cys_UGU_239   
-Leu_CUC_120   ---   -Leu_CUC_240   
    -5S_121   ---   -5S_241       
   -23S_122   ---   -23S_242      
   -16S_123   ---   -16S_243      


>=== Total cost = 23

Running time 00:00:00

>Ancestor:
[o],Arg_AGG,Glu_GAG,Pro_CCU,Asp_GAC,Thr_ACC,Lys_AAG,Pro_CCU,Arg_AGG,Val_GUC,Arg_AGA,Arg_CGU,Gly_GGG,Ala_GCG,Ile_AUU,Ala_GCU,Val_GUG,Arg_CGU,Ser_UCA,Gln_CAG,Ala_GCG,Trp_UGG,Arg_AGG,Val_GUA,Arg_CGU,Val_GUA,Arg_CGG,Thr_ACU,Leu_CUC,Pro_CCU,Asp_GAC,Thr_ACA,Pro_CCG,Pro_CCA,Thr_ACG,Lys_AAA,Leu_UUA,Gly_GGG,Ile_AUC,Ser_AGC,Thr_ACU,Thr_ACA,Pro_CCU,Ile_AUU,Thr_ACU,Arg_CGA,His_CAC,Tyr_UAC,His_CAC,Arg_CGU,Met_AUG,Phe_UUU,Asp_GAU,Cys_UGU,Ser_UCU,Arg_CGG,Glu_GAG,Gln_CAG,Ala_GCA,Thr_ACC,Pro_CCG,Lys_AAG,Cys_UGC,Arg_CGU,Leu_CUA,Val_GUA,Ser_AGU,Gly_GGU,His_CAC,Phe_UUU,Arg_CGU,Leu_UUG,Ala_GCG,Lys_AAG,Ser_UCU,Gly_GGA,Leu_CUC,Ser_UCA,Leu_CUG,Asp_GAC,Ala_GCG,Pro_CCG,Thr_ACA,Ser_AGU,Ile_AUA,Leu_UUG,Gly_GGG,Pro_CCG,Phe_UUC,Gly_GGG,Ile_AUC,Thr_ACC,His_CAC,Tyr_UAU,[t],-Gly_GGG,-Gly_GGU,-His_CAC,-Arg_AGA,-Arg_CGA,-Tyr_UAU,-5S,-23S,-16S,-Thr_ACC,-Pro_CCC,-Val_GUA,-Gln_CAA,-Phe_UUC,-Arg_CGA,-Pro_CCC,-Leu_UUA,-Gly_GGU,-Pro_CCA,-Ile_AUU,-Ala_GCA,-Cys_UGU,-Leu_CUC,-5S,-23S,-16S


